Building DAG of jobs...
Your conda installation is not configured to use strict channel priorities. This is however crucial for having robust and correct environments (for details, see https://conda-forge.org/docs/user/tipsandtricks.html). Please consider to configure strict priorities by executing 'conda config --set channel_priority strict'.
Using shell: /bin/bash
Provided cores: 1 (use --cores to define parallelism)
Rules claiming more threads will be scaled down.
Job stats:
job            count
-----------  -------
all                1
blastn             2
makeblastdb        1
total              4

Select jobs to execute...

[Sat Jan  6 00:37:20 2024]
rule makeblastdb:
    input: resource/blastn/db/G_intestinalis.fasta
    output: output/blastn/db/G_intestinalis.ndb, output/blastn/db/G_intestinalis.nhr, output/blastn/db/G_intestinalis.nin, output/blastn/db/G_intestinalis.not, output/blastn/db/G_intestinalis.nsq, output/blastn/db/G_intestinalis.ntf, output/blastn/db/G_intestinalis.nto
    jobid: 3
    reason: Missing output files: output/blastn/db/G_intestinalis.nhr
    wildcards: type=blastn, db=G_intestinalis
    resources: tmpdir=/var/folders/2h/fkrvmspj2qb82s8c1zjb_5780000gn/T

makeblastdb -dbtype nucl -in resource/blastn/db/G_intestinalis.fasta -out output/blastn/db/G_intestinalis
[Sat Jan  6 00:37:22 2024]
Finished job 3.
1 of 4 steps (25%) done
Select jobs to execute...

[Sat Jan  6 00:37:22 2024]
rule blastn:
    input: resource/blastn/query/S_salmonicida.fasta, output/blastn/db/G_intestinalis.nhr
    output: output/blastn/G_intestinalis/S_salmonicida.blastn
    jobid: 4
    reason: Missing output files: output/blastn/G_intestinalis/S_salmonicida.blastn; Input files updated by another job: output/blastn/db/G_intestinalis.nhr
    wildcards: type=blastn, db=G_intestinalis, query=S_salmonicida
    resources: tmpdir=/var/folders/2h/fkrvmspj2qb82s8c1zjb_5780000gn/T

/Users/macvbookpro/PycharmProjects/miuul/venv/bin/python /Users/macvbookpro/PycharmProjects/miuul/.snakemake/scripts/tmp7inv3yry.blastn.py
[Sat Jan  6 00:37:23 2024]
Error in rule blastn:
    jobid: 4
    input: resource/blastn/query/S_salmonicida.fasta, output/blastn/db/G_intestinalis.nhr
    output: output/blastn/G_intestinalis/S_salmonicida.blastn

RuleException:
CalledProcessError in file /Users/macvbookpro/PycharmProjects/miuul/Snakefile, line 73:
Command 'set -euo pipefail;  /Users/macvbookpro/PycharmProjects/miuul/venv/bin/python /Users/macvbookpro/PycharmProjects/miuul/.snakemake/scripts/tmp7inv3yry.blastn.py' returned non-zero exit status 1.
  File "/Users/macvbookpro/PycharmProjects/miuul/Snakefile", line 73, in __rule_blastn
  File "/Library/Developer/CommandLineTools/Library/Frameworks/Python3.framework/Versions/3.9/lib/python3.9/concurrent/futures/thread.py", line 52, in run
Shutting down, this might take some time.
Exiting because a job execution failed. Look above for error message
Complete log: .snakemake/log/2024-01-06T003716.888342.snakemake.log
