Building DAG of jobs...
Using shell: /bin/bash
Provided cores: 1 (use --cores to define parallelism)
Rules claiming more threads will be scaled down.
Job stats:
job       count
------  -------
all           1
blastn        2
total         3

Select jobs to execute...

[Tue Jan  9 00:06:41 2024]
rule blastn:
    input: resource/blastn/query/S_salmonicida.fasta, output/blastn/db/G_intestinalis.ndb
    output: output/blastn/G_intestinalis/S_salmonicida.blastn
    jobid: 3
    reason: Code has changed since last execution
    wildcards: type=blastn, db=G_intestinalis, query=S_salmonicida
    resources: tmpdir=/var/folders/2h/fkrvmspj2qb82s8c1zjb_5780000gn/T

/Users/macvbookpro/PycharmProjects/miuul/venv/bin/python /Users/macvbookpro/PycharmProjects/miuul/.snakemake/scripts/tmp7_3ng8fw.blastn.py
[Tue Jan  9 00:06:45 2024]
Error in rule blastn:
    jobid: 3
    input: resource/blastn/query/S_salmonicida.fasta, output/blastn/db/G_intestinalis.ndb
    output: output/blastn/G_intestinalis/S_salmonicida.blastn

RuleException:
CalledProcessError in file /Users/macvbookpro/PycharmProjects/miuul/Snakefile, line 72:
Command 'set -euo pipefail;  /Users/macvbookpro/PycharmProjects/miuul/venv/bin/python /Users/macvbookpro/PycharmProjects/miuul/.snakemake/scripts/tmp7_3ng8fw.blastn.py' returned non-zero exit status 1.
  File "/Users/macvbookpro/PycharmProjects/miuul/Snakefile", line 72, in __rule_blastn
  File "/Library/Developer/CommandLineTools/Library/Frameworks/Python3.framework/Versions/3.9/lib/python3.9/concurrent/futures/thread.py", line 52, in run
Shutting down, this might take some time.
Exiting because a job execution failed. Look above for error message
Complete log: .snakemake/log/2024-01-09T000641.005892.snakemake.log
